{
  "stats": {
    "suites": 3,
    "tests": 14,
    "passes": 14,
    "pending": 0,
    "failures": 0,
    "start": "2024-11-07T21:28:34.206Z",
    "end": "2024-11-07T21:32:01.729Z",
    "duration": 207523,
    "testsRegistered": 14,
    "passPercent": 100,
    "pendingPercent": 0,
    "other": 0,
    "hasOther": false,
    "skipped": 0,
    "hasSkipped": false
  },
  "results": [
    {
      "uuid": "b922fe6f-a3df-470f-840a-926fb9277747",
      "title": "",
      "fullFile": "",
      "file": "",
      "beforeHooks": [],
      "afterHooks": [],
      "tests": [],
      "suites": [
        {
          "uuid": "2bd17663-6604-4ee4-9778-ffe191f98d0c",
          "title": "Login",
          "fullFile": "D:\\Projetos QA\\Android\\features\\basic.feature",
          "file": "\\features\\basic.feature",
          "beforeHooks": [
            {
              "title": "\"before all\" hook: codeceptjs.beforeSuite in \"Login\"",
              "fullTitle": "Login \"before all\" hook: codeceptjs.beforeSuite in \"Login\"",
              "timedOut": false,
              "duration": 2,
              "state": null,
              "speed": null,
              "pass": false,
              "fail": false,
              "pending": false,
              "context": null,
              "code": "scenario.suiteSetup(suite)",
              "err": {},
              "uuid": "c8a66996-0ebf-475b-a953-73e9b5779c01",
              "parentUUID": "2bd17663-6604-4ee4-9778-ffe191f98d0c",
              "isHook": true,
              "skipped": false
            },
            {
              "title": "\"before each\" hook: codeceptjs.before in \"Login\"",
              "fullTitle": "Login \"before each\" hook: codeceptjs.before in \"Login\"",
              "timedOut": false,
              "duration": 5605,
              "state": null,
              "speed": null,
              "pass": false,
              "fail": false,
              "pending": false,
              "context": null,
              "code": "scenario.setup(suite)",
              "err": {},
              "uuid": "47d0d712-971a-4fc5-b473-d837ef380322",
              "parentUUID": "2bd17663-6604-4ee4-9778-ffe191f98d0c",
              "isHook": true,
              "skipped": false
            }
          ],
          "afterHooks": [
            {
              "title": "\"after all\" hook: codeceptjs.afterSuite in \"Login\"",
              "fullTitle": "Login \"after all\" hook: codeceptjs.afterSuite in \"Login\"",
              "timedOut": false,
              "duration": 1,
              "state": null,
              "speed": null,
              "pass": false,
              "fail": false,
              "pending": false,
              "context": null,
              "code": "scenario.suiteTeardown(suite)",
              "err": {},
              "uuid": "af449cc7-32bd-4bbe-9d83-c529f491c12a",
              "parentUUID": "2bd17663-6604-4ee4-9778-ffe191f98d0c",
              "isHook": true,
              "skipped": false
            },
            {
              "title": "\"after each\" hook: codeceptjs.after in \"Login\"",
              "fullTitle": "Login \"after each\" hook: codeceptjs.after in \"Login\"",
              "timedOut": false,
              "duration": 282,
              "state": null,
              "speed": null,
              "pass": false,
              "fail": false,
              "pending": false,
              "context": null,
              "code": "scenario.teardown(suite)",
              "err": {},
              "uuid": "f2b6ebb7-7060-4ce6-bde0-23fa6c38ddfc",
              "parentUUID": "2bd17663-6604-4ee4-9778-ffe191f98d0c",
              "isHook": true,
              "skipped": false
            }
          ],
          "tests": [
            {
              "title": "Login with success",
              "fullTitle": "Login Login with success",
              "timedOut": false,
              "duration": 7564,
              "state": "passed",
              "speed": "slow",
              "pass": true,
              "fail": false,
              "pending": false,
              "context": null,
              "code": "runSteps(child.scenario.steps)",
              "err": {},
              "uuid": "e686a262-5de7-41c4-a269-94bb43febc10",
              "parentUUID": "2bd17663-6604-4ee4-9778-ffe191f98d0c",
              "isHook": false,
              "skipped": false
            },
            {
              "title": "Login with error",
              "fullTitle": "Login Login with error",
              "timedOut": false,
              "duration": 5820,
              "state": "passed",
              "speed": "slow",
              "pass": true,
              "fail": false,
              "pending": false,
              "context": null,
              "code": "runSteps(child.scenario.steps)",
              "err": {},
              "uuid": "8c526829-6a1a-4488-9dd3-0fba9dcd975b",
              "parentUUID": "2bd17663-6604-4ee4-9778-ffe191f98d0c",
              "isHook": false,
              "skipped": false
            },
            {
              "title": "Add new Student with success",
              "fullTitle": "Login Add new Student with success",
              "timedOut": false,
              "duration": 11606,
              "state": "passed",
              "speed": "slow",
              "pass": true,
              "fail": false,
              "pending": false,
              "context": null,
              "code": "runSteps(child.scenario.steps)",
              "err": {},
              "uuid": "1262caa9-ef3f-46ca-8950-ba36c57db8db",
              "parentUUID": "2bd17663-6604-4ee4-9778-ffe191f98d0c",
              "isHook": false,
              "skipped": false
            },
            {
              "title": "Add new Student with error",
              "fullTitle": "Login Add new Student with error",
              "timedOut": false,
              "duration": 8844,
              "state": "passed",
              "speed": "slow",
              "pass": true,
              "fail": false,
              "pending": false,
              "context": null,
              "code": "runSteps(child.scenario.steps)",
              "err": {},
              "uuid": "fe2c15f1-31d3-49de-aefd-0b1f08f4e0bf",
              "parentUUID": "2bd17663-6604-4ee4-9778-ffe191f98d0c",
              "isHook": false,
              "skipped": false
            },
            {
              "title": "Add new Student with  name error",
              "fullTitle": "Login Add new Student with  name error",
              "timedOut": false,
              "duration": 7947,
              "state": "passed",
              "speed": "slow",
              "pass": true,
              "fail": false,
              "pending": false,
              "context": null,
              "code": "runSteps(child.scenario.steps)",
              "err": {},
              "uuid": "048c6d18-30eb-40ed-99ce-df442539ffdc",
              "parentUUID": "2bd17663-6604-4ee4-9778-ffe191f98d0c",
              "isHook": false,
              "skipped": false
            },
            {
              "title": "Add new Student canceled",
              "fullTitle": "Login Add new Student canceled",
              "timedOut": false,
              "duration": 11837,
              "state": "passed",
              "speed": "slow",
              "pass": true,
              "fail": false,
              "pending": false,
              "context": null,
              "code": "runSteps(child.scenario.steps)",
              "err": {},
              "uuid": "e0d62c80-f732-44df-a914-29dceb5cb733",
              "parentUUID": "2bd17663-6604-4ee4-9778-ffe191f98d0c",
              "isHook": false,
              "skipped": false
            },
            {
              "title": "Search Student",
              "fullTitle": "Login Search Student",
              "timedOut": false,
              "duration": 9523,
              "state": "passed",
              "speed": "slow",
              "pass": true,
              "fail": false,
              "pending": false,
              "context": null,
              "code": "runSteps(child.scenario.steps)",
              "err": {},
              "uuid": "f2e0ec27-c87b-4e63-acaf-f240020d2209",
              "parentUUID": "2bd17663-6604-4ee4-9778-ffe191f98d0c",
              "isHook": false,
              "skipped": false
            }
          ],
          "suites": [],
          "passes": [
            "e686a262-5de7-41c4-a269-94bb43febc10",
            "8c526829-6a1a-4488-9dd3-0fba9dcd975b",
            "1262caa9-ef3f-46ca-8950-ba36c57db8db",
            "fe2c15f1-31d3-49de-aefd-0b1f08f4e0bf",
            "048c6d18-30eb-40ed-99ce-df442539ffdc",
            "e0d62c80-f732-44df-a914-29dceb5cb733",
            "f2e0ec27-c87b-4e63-acaf-f240020d2209"
          ],
          "failures": [],
          "pending": [],
          "skipped": [],
          "duration": 63141,
          "root": false,
          "rootEmpty": false,
          "_timeout": 0
        },
        {
          "uuid": "c23c142c-77ce-4acb-8639-ad7b254c62d7",
          "title": "login",
          "fullFile": "D:\\Projetos QA\\Android\\steps\\login_test.js",
          "file": "\\steps\\login_test.js",
          "beforeHooks": [
            {
              "title": "\"before all\" hook: codeceptjs.beforeSuite in \"login\"",
              "fullTitle": "login \"before all\" hook: codeceptjs.beforeSuite in \"login\"",
              "timedOut": false,
              "duration": 0,
              "state": null,
              "speed": null,
              "pass": false,
              "fail": false,
              "pending": false,
              "context": null,
              "code": "scenario.suiteSetup(suite)",
              "err": {},
              "uuid": "eab1435a-cce7-40d9-8ce0-c4b2671d4516",
              "parentUUID": "c23c142c-77ce-4acb-8639-ad7b254c62d7",
              "isHook": true,
              "skipped": false
            },
            {
              "title": "\"before each\" hook: codeceptjs.before in \"login\"",
              "fullTitle": "login \"before each\" hook: codeceptjs.before in \"login\"",
              "timedOut": false,
              "duration": 7226,
              "state": null,
              "speed": null,
              "pass": false,
              "fail": false,
              "pending": false,
              "context": null,
              "code": "scenario.setup(suite)",
              "err": {},
              "uuid": "baacb2e6-b152-40c0-8d25-b01cb8aa0eb3",
              "parentUUID": "c23c142c-77ce-4acb-8639-ad7b254c62d7",
              "isHook": true,
              "skipped": false
            },
            {
              "title": "\"before each\" hook: Before in \"login\"",
              "fullTitle": "login \"before each\" hook: Before in \"login\"",
              "timedOut": false,
              "duration": 1,
              "state": null,
              "speed": null,
              "pass": false,
              "fail": false,
              "pending": false,
              "context": null,
              "code": "console.log(\"exibir antes de cada teste\");",
              "err": {},
              "uuid": "e5c1b655-0eee-43c9-9ae9-11503fb19769",
              "parentUUID": "c23c142c-77ce-4acb-8639-ad7b254c62d7",
              "isHook": true,
              "skipped": false
            }
          ],
          "afterHooks": [
            {
              "title": "\"after all\" hook: codeceptjs.afterSuite in \"login\"",
              "fullTitle": "login \"after all\" hook: codeceptjs.afterSuite in \"login\"",
              "timedOut": false,
              "duration": 0,
              "state": null,
              "speed": null,
              "pass": false,
              "fail": false,
              "pending": false,
              "context": null,
              "code": "scenario.suiteTeardown(suite)",
              "err": {},
              "uuid": "51d5cdac-0f75-41c8-8afc-7f9edd9a0be5",
              "parentUUID": "c23c142c-77ce-4acb-8639-ad7b254c62d7",
              "isHook": true,
              "skipped": false
            },
            {
              "title": "\"after each\" hook: finalize codeceptjs in \"login\"",
              "fullTitle": "login \"after each\" hook: finalize codeceptjs in \"login\"",
              "timedOut": false,
              "duration": 256,
              "state": null,
              "speed": null,
              "pass": false,
              "fail": false,
              "pending": false,
              "context": null,
              "code": "scenario.teardown(suite)",
              "err": {},
              "uuid": "5dabe5a9-4828-437c-ac7e-c77b0971f7e4",
              "parentUUID": "c23c142c-77ce-4acb-8639-ad7b254c62d7",
              "isHook": true,
              "skipped": false
            }
          ],
          "tests": [
            {
              "title": "Login with success",
              "fullTitle": "login: Login with success",
              "timedOut": false,
              "duration": 6516,
              "state": "passed",
              "speed": "slow",
              "pass": true,
              "fail": false,
              "pending": false,
              "context": null,
              "code": "I, home_page }) => {\n     //User log\n    login_page.userLog('teste@teste.com','123456')\n    //validate Login Success\n    home_page.validateLoginSucces();",
              "err": {},
              "uuid": "5fd3acc8-f7df-4d19-9e3f-c7737764414a",
              "parentUUID": "c23c142c-77ce-4acb-8639-ad7b254c62d7",
              "isHook": false,
              "skipped": false
            },
            {
              "title": "Login with error",
              "fullTitle": "login: Login with error",
              "timedOut": false,
              "duration": 5966,
              "state": "passed",
              "speed": "slow",
              "pass": true,
              "fail": false,
              "pending": false,
              "context": null,
              "code": "I }) => {\n    //User log\n    login_page.userLog('teste@123teste.com','123456')\n    //validate Login error\n    login_page.validateLoginError();",
              "err": {},
              "uuid": "c195c0e4-456b-41b7-b331-ec43d9d35b10",
              "parentUUID": "c23c142c-77ce-4acb-8639-ad7b254c62d7",
              "isHook": false,
              "skipped": false
            }
          ],
          "suites": [],
          "passes": [
            "5fd3acc8-f7df-4d19-9e3f-c7737764414a",
            "c195c0e4-456b-41b7-b331-ec43d9d35b10"
          ],
          "failures": [],
          "pending": [],
          "skipped": [],
          "duration": 12482,
          "root": false,
          "rootEmpty": false,
          "_timeout": 0
        },
        {
          "uuid": "25121bbb-397e-462c-a3bf-c95065b8c0ff",
          "title": "Students",
          "fullFile": "D:\\Projetos QA\\Android\\steps\\students_test.js",
          "file": "\\steps\\students_test.js",
          "beforeHooks": [
            {
              "title": "\"before all\" hook: codeceptjs.beforeSuite in \"Students\"",
              "fullTitle": "Students \"before all\" hook: codeceptjs.beforeSuite in \"Students\"",
              "timedOut": false,
              "duration": 0,
              "state": null,
              "speed": null,
              "pass": false,
              "fail": false,
              "pending": false,
              "context": null,
              "code": "scenario.suiteSetup(suite)",
              "err": {},
              "uuid": "e58f3ef1-5c3d-4e3a-b1b9-993fd9439c5e",
              "parentUUID": "25121bbb-397e-462c-a3bf-c95065b8c0ff",
              "isHook": true,
              "skipped": false
            },
            {
              "title": "\"before each\" hook: codeceptjs.before in \"Students\"",
              "fullTitle": "Students \"before each\" hook: codeceptjs.before in \"Students\"",
              "timedOut": false,
              "duration": 5582,
              "state": null,
              "speed": null,
              "pass": false,
              "fail": false,
              "pending": false,
              "context": null,
              "code": "scenario.setup(suite)",
              "err": {},
              "uuid": "0aa33c42-4f09-4de7-b9ef-36e1e33a5ea5",
              "parentUUID": "25121bbb-397e-462c-a3bf-c95065b8c0ff",
              "isHook": true,
              "skipped": false
            },
            {
              "title": "\"before each\" hook: Before in \"Students\"",
              "fullTitle": "Students \"before each\" hook: Before in \"Students\"",
              "timedOut": false,
              "duration": 6020,
              "state": null,
              "speed": null,
              "pass": false,
              "fail": false,
              "pending": false,
              "context": null,
              "code": "login_page.userLog('teste@teste.com','123456')\n   \nhome_page.validateLoginSucces();",
              "err": {},
              "uuid": "1929c6cd-94f3-41a0-b903-4fee4f63c8eb",
              "parentUUID": "25121bbb-397e-462c-a3bf-c95065b8c0ff",
              "isHook": true,
              "skipped": false
            }
          ],
          "afterHooks": [
            {
              "title": "\"after all\" hook: codeceptjs.afterSuite in \"Students\"",
              "fullTitle": "Students \"after all\" hook: codeceptjs.afterSuite in \"Students\"",
              "timedOut": false,
              "duration": 0,
              "state": null,
              "speed": null,
              "pass": false,
              "fail": false,
              "pending": false,
              "context": null,
              "code": "scenario.suiteTeardown(suite)",
              "err": {},
              "uuid": "25b69b93-5a4d-4b91-b12d-5477e1d23bd4",
              "parentUUID": "25121bbb-397e-462c-a3bf-c95065b8c0ff",
              "isHook": true,
              "skipped": false
            },
            {
              "title": "\"after each\" hook: finalize codeceptjs in \"Students\"",
              "fullTitle": "Students \"after each\" hook: finalize codeceptjs in \"Students\"",
              "timedOut": false,
              "duration": 296,
              "state": null,
              "speed": null,
              "pass": false,
              "fail": false,
              "pending": false,
              "context": null,
              "code": "scenario.teardown(suite)",
              "err": {},
              "uuid": "31869a15-1092-4ac4-9756-2fea857c1cc6",
              "parentUUID": "25121bbb-397e-462c-a3bf-c95065b8c0ff",
              "isHook": true,
              "skipped": false
            }
          ],
          "tests": [
            {
              "title": "Add new Student with success",
              "fullTitle": "Students: Add new Student with success",
              "timedOut": false,
              "duration": 5867,
              "state": "passed",
              "speed": "slow",
              "pass": true,
              "fail": false,
              "pending": false,
              "context": null,
              "code": "I }) => {\n    const code = faker.string.numeric(5)\n    const aluno = faker.person.fullName()\n    //New Student Add\n    students_page.newStudent(code,aluno)\n    //Validate new Student\n    students_page.validateSucces();",
              "err": {},
              "uuid": "99af98c1-b1d8-4641-bbdf-86a233bc8ec1",
              "parentUUID": "25121bbb-397e-462c-a3bf-c95065b8c0ff",
              "isHook": false,
              "skipped": false
            },
            {
              "title": "Add new Student with error",
              "fullTitle": "Students: Add new Student with error",
              "timedOut": false,
              "duration": 3543,
              "state": "passed",
              "speed": "slow",
              "pass": true,
              "fail": false,
              "pending": false,
              "context": null,
              "code": "I }) => {\n    const code = faker.string.numeric(5)\n    // const aluno = faker.person.fullName()\n    //New Student Add\n    students_page.noSaveStudent(code)\n    //Validate new Student\n    students_page.validateLoginError();",
              "err": {},
              "uuid": "a1961cfb-d72b-441e-a261-8672309eb976",
              "parentUUID": "25121bbb-397e-462c-a3bf-c95065b8c0ff",
              "isHook": false,
              "skipped": false
            },
            {
              "title": "Add new Student with  name error",
              "fullTitle": "Students: Add new Student with  name error",
              "timedOut": false,
              "duration": 2976,
              "state": "passed",
              "speed": "slow",
              "pass": true,
              "fail": false,
              "pending": false,
              "context": null,
              "code": "I }) => {\n    // const code = faker.string.numeric(5)\n    const aluno = faker.person.fullName()\n    //New Student Add\n    students_page.noSaveStudentName(aluno)\n    //Validate new Student\n    students_page.validateLoginError();",
              "err": {},
              "uuid": "6ae602f0-5a4e-4d97-8767-689a10d818b0",
              "parentUUID": "25121bbb-397e-462c-a3bf-c95065b8c0ff",
              "isHook": false,
              "skipped": false
            },
            {
              "title": "Add new Student canceled",
              "fullTitle": "Students: Add new Student canceled",
              "timedOut": false,
              "duration": 4788,
              "state": "passed",
              "speed": "slow",
              "pass": true,
              "fail": false,
              "pending": false,
              "context": null,
              "code": "I }) => {\n    const code = faker.string.numeric(5)\n    const aluno = faker.person.fullName()\n    //New Student Add\n    students_page.cancelStudent(code,aluno)\n    //Validate new Student\n    students_page.validateCancelBtn(aluno);",
              "err": {},
              "uuid": "ea3e8e01-e637-44ca-80d5-b4040afbe905",
              "parentUUID": "25121bbb-397e-462c-a3bf-c95065b8c0ff",
              "isHook": false,
              "skipped": false
            },
            {
              "title": "Search Student",
              "fullTitle": "Students: Search Student",
              "timedOut": false,
              "duration": 1945,
              "state": "passed",
              "speed": "slow",
              "pass": true,
              "fail": false,
              "pending": false,
              "context": null,
              "code": "I }) => {\n    //Find student\n    students_page.searchStudent('José','55555')",
              "err": {},
              "uuid": "a438242d-fef0-4d18-a214-f266b6f5922e",
              "parentUUID": "25121bbb-397e-462c-a3bf-c95065b8c0ff",
              "isHook": false,
              "skipped": false
            }
          ],
          "suites": [],
          "passes": [
            "99af98c1-b1d8-4641-bbdf-86a233bc8ec1",
            "a1961cfb-d72b-441e-a261-8672309eb976",
            "6ae602f0-5a4e-4d97-8767-689a10d818b0",
            "ea3e8e01-e637-44ca-80d5-b4040afbe905",
            "a438242d-fef0-4d18-a214-f266b6f5922e"
          ],
          "failures": [],
          "pending": [],
          "skipped": [],
          "duration": 19119,
          "root": false,
          "rootEmpty": false,
          "_timeout": 0
        }
      ],
      "passes": [],
      "failures": [],
      "pending": [],
      "skipped": [],
      "duration": 0,
      "root": true,
      "rootEmpty": true,
      "_timeout": 0
    }
  ],
  "meta": {
    "mocha": {
      "version": "10.8.2"
    },
    "mochawesome": {
      "options": {
        "quiet": false,
        "reportFilename": "mochawesome",
        "saveHtml": true,
        "saveJson": true,
        "consoleReporter": "spec",
        "useInlineDiffs": false,
        "code": true
      },
      "version": "7.1.3"
    },
    "marge": {
      "options": {},
      "version": "6.2.0"
    }
  }
}